The system is: Linux - 4.18.0-193.19.1.el8_2.x86_64 - x86_64
Compiling the C compiler identification source file "CMakeCCompilerId.c" succeeded.
Compiler: /opt/gcc-7.5.0/bin/gcc 
Build flags: 
Id flags:  

The output was:
0


Compilation of the C compiler identification source "CMakeCCompilerId.c" produced "a.out"

The C compiler identification is GNU, found in "/home/SRL/SRL_cFS/build/CMakeFiles/3.18.1/CompilerIdC/a.out"

Detecting C compiler ABI info compiled with the following output:
Change Dir: /home/SRL/SRL_cFS/build/CMakeFiles/CMakeTmp

Run Build Command(s):/usr/bin/gmake cmTC_4907e/fast && gmake[1]: Entering directory '/home/SRL/SRL_cFS/build/CMakeFiles/CMakeTmp'
/usr/bin/gmake  -f CMakeFiles/cmTC_4907e.dir/build.make CMakeFiles/cmTC_4907e.dir/build
gmake[2]: Entering directory '/home/SRL/SRL_cFS/build/CMakeFiles/CMakeTmp'
Building C object CMakeFiles/cmTC_4907e.dir/CMakeCCompilerABI.c.o
/opt/gcc-7.5.0/bin/gcc   -v -o CMakeFiles/cmTC_4907e.dir/CMakeCCompilerABI.c.o -c /usr/local/share/cmake-3.18/Modules/CMakeCCompilerABI.c
Using built-in specs.
COLLECT_GCC=/opt/gcc-7.5.0/bin/gcc
Target: x86_64-pc-linux-gnu
Configured with: ../configure --prefix=/opt/gcc-7.5.0 --enable-shared --enable-threads=posix --enable-__cxa_atexit --enable-clocale=gnu --enable-languages=all
Thread model: posix
gcc version 7.5.0 (GCC) 
COLLECT_GCC_OPTIONS='-v' '-o' 'CMakeFiles/cmTC_4907e.dir/CMakeCCompilerABI.c.o' '-c' '-mtune=generic' '-march=x86-64'
 /opt/gcc-7.5.0/libexec/gcc/x86_64-pc-linux-gnu/7.5.0/cc1 -quiet -v /usr/local/share/cmake-3.18/Modules/CMakeCCompilerABI.c -quiet -dumpbase CMakeCCompilerABI.c -mtune=generic -march=x86-64 -auxbase-strip CMakeFiles/cmTC_4907e.dir/CMakeCCompilerABI.c.o -version -o /tmp/ccjgSUql.s
GNU C11 (GCC) version 7.5.0 (x86_64-pc-linux-gnu)
	compiled by GNU C version 7.5.0, GMP version 6.1.0, MPFR version 3.1.4, MPC version 1.0.3, isl version isl-0.16.1-GMP

GGC heuristics: --param ggc-min-expand=100 --param ggc-min-heapsize=131072
ignoring nonexistent directory "/opt/gcc-7.5.0/lib/gcc/x86_64-pc-linux-gnu/7.5.0/../../../../x86_64-pc-linux-gnu/include"
#include "..." search starts here:
#include <...> search starts here:
 /opt/gcc-7.5.0/lib/gcc/x86_64-pc-linux-gnu/7.5.0/include
 /usr/local/include
 /opt/gcc-7.5.0/include
 /opt/gcc-7.5.0/lib/gcc/x86_64-pc-linux-gnu/7.5.0/include-fixed
 /usr/include
End of search list.
GNU C11 (GCC) version 7.5.0 (x86_64-pc-linux-gnu)
	compiled by GNU C version 7.5.0, GMP version 6.1.0, MPFR version 3.1.4, MPC version 1.0.3, isl version isl-0.16.1-GMP

GGC heuristics: --param ggc-min-expand=100 --param ggc-min-heapsize=131072
Compiler executable checksum: ffa8885495eee4e3954caeda03a4a1a5
COLLECT_GCC_OPTIONS='-v' '-o' 'CMakeFiles/cmTC_4907e.dir/CMakeCCompilerABI.c.o' '-c' '-mtune=generic' '-march=x86-64'
 as -v --64 -o CMakeFiles/cmTC_4907e.dir/CMakeCCompilerABI.c.o /tmp/ccjgSUql.s
GNU assembler version 2.30 (x86_64-redhat-linux) using BFD version version 2.30-73.el8
COMPILER_PATH=/opt/gcc-7.5.0/libexec/gcc/x86_64-pc-linux-gnu/7.5.0/:/opt/gcc-7.5.0/libexec/gcc/x86_64-pc-linux-gnu/7.5.0/:/opt/gcc-7.5.0/libexec/gcc/x86_64-pc-linux-gnu/:/opt/gcc-7.5.0/lib/gcc/x86_64-pc-linux-gnu/7.5.0/:/opt/gcc-7.5.0/lib/gcc/x86_64-pc-linux-gnu/
LIBRARY_PATH=/opt/gcc-7.5.0/lib/gcc/x86_64-pc-linux-gnu/7.5.0/:/opt/gcc-7.5.0/lib/gcc/x86_64-pc-linux-gnu/7.5.0/../../../../lib64/:/lib/../lib64/:/usr/lib/../lib64/:/opt/gcc-7.5.0/lib/gcc/x86_64-pc-linux-gnu/7.5.0/../../../:/lib/:/usr/lib/
COLLECT_GCC_OPTIONS='-v' '-o' 'CMakeFiles/cmTC_4907e.dir/CMakeCCompilerABI.c.o' '-c' '-mtune=generic' '-march=x86-64'
Linking C executable cmTC_4907e
/usr/local/bin/cmake -E cmake_link_script CMakeFiles/cmTC_4907e.dir/link.txt --verbose=1
/opt/gcc-7.5.0/bin/gcc  -v -rdynamic CMakeFiles/cmTC_4907e.dir/CMakeCCompilerABI.c.o -o cmTC_4907e 
Using built-in specs.
COLLECT_GCC=/opt/gcc-7.5.0/bin/gcc
COLLECT_LTO_WRAPPER=/opt/gcc-7.5.0/libexec/gcc/x86_64-pc-linux-gnu/7.5.0/lto-wrapper
Target: x86_64-pc-linux-gnu
Configured with: ../configure --prefix=/opt/gcc-7.5.0 --enable-shared --enable-threads=posix --enable-__cxa_atexit --enable-clocale=gnu --enable-languages=all
Thread model: posix
gcc version 7.5.0 (GCC) 
COMPILER_PATH=/opt/gcc-7.5.0/libexec/gcc/x86_64-pc-linux-gnu/7.5.0/:/opt/gcc-7.5.0/libexec/gcc/x86_64-pc-linux-gnu/7.5.0/:/opt/gcc-7.5.0/libexec/gcc/x86_64-pc-linux-gnu/:/opt/gcc-7.5.0/lib/gcc/x86_64-pc-linux-gnu/7.5.0/:/opt/gcc-7.5.0/lib/gcc/x86_64-pc-linux-gnu/
LIBRARY_PATH=/opt/gcc-7.5.0/lib/gcc/x86_64-pc-linux-gnu/7.5.0/:/opt/gcc-7.5.0/lib/gcc/x86_64-pc-linux-gnu/7.5.0/../../../../lib64/:/lib/../lib64/:/usr/lib/../lib64/:/opt/gcc-7.5.0/lib/gcc/x86_64-pc-linux-gnu/7.5.0/../../../:/lib/:/usr/lib/
COLLECT_GCC_OPTIONS='-v' '-rdynamic' '-o' 'cmTC_4907e' '-mtune=generic' '-march=x86-64'
 /opt/gcc-7.5.0/libexec/gcc/x86_64-pc-linux-gnu/7.5.0/collect2 -plugin /opt/gcc-7.5.0/libexec/gcc/x86_64-pc-linux-gnu/7.5.0/liblto_plugin.so -plugin-opt=/opt/gcc-7.5.0/libexec/gcc/x86_64-pc-linux-gnu/7.5.0/lto-wrapper -plugin-opt=-fresolution=/tmp/cc5YraEk.res -plugin-opt=-pass-through=-lgcc -plugin-opt=-pass-through=-lgcc_s -plugin-opt=-pass-through=-lc -plugin-opt=-pass-through=-lgcc -plugin-opt=-pass-through=-lgcc_s --eh-frame-hdr -m elf_x86_64 -export-dynamic -dynamic-linker /lib64/ld-linux-x86-64.so.2 -o cmTC_4907e /lib/../lib64/crt1.o /lib/../lib64/crti.o /opt/gcc-7.5.0/lib/gcc/x86_64-pc-linux-gnu/7.5.0/crtbegin.o -L/opt/gcc-7.5.0/lib/gcc/x86_64-pc-linux-gnu/7.5.0 -L/opt/gcc-7.5.0/lib/gcc/x86_64-pc-linux-gnu/7.5.0/../../../../lib64 -L/lib/../lib64 -L/usr/lib/../lib64 -L/opt/gcc-7.5.0/lib/gcc/x86_64-pc-linux-gnu/7.5.0/../../.. CMakeFiles/cmTC_4907e.dir/CMakeCCompilerABI.c.o -lgcc --as-needed -lgcc_s --no-as-needed -lc -lgcc --as-needed -lgcc_s --no-as-needed /opt/gcc-7.5.0/lib/gcc/x86_64-pc-linux-gnu/7.5.0/crtend.o /lib/../lib64/crtn.o
COLLECT_GCC_OPTIONS='-v' '-rdynamic' '-o' 'cmTC_4907e' '-mtune=generic' '-march=x86-64'
gmake[2]: Leaving directory '/home/SRL/SRL_cFS/build/CMakeFiles/CMakeTmp'
gmake[1]: Leaving directory '/home/SRL/SRL_cFS/build/CMakeFiles/CMakeTmp'



Parsed C implicit include dir info from above output: rv=done
  found start of include info
  found start of implicit include info
    add: [/opt/gcc-7.5.0/lib/gcc/x86_64-pc-linux-gnu/7.5.0/include]
    add: [/usr/local/include]
    add: [/opt/gcc-7.5.0/include]
    add: [/opt/gcc-7.5.0/lib/gcc/x86_64-pc-linux-gnu/7.5.0/include-fixed]
    add: [/usr/include]
  end of search list found
  collapse include dir [/opt/gcc-7.5.0/lib/gcc/x86_64-pc-linux-gnu/7.5.0/include] ==> [/opt/gcc-7.5.0/lib/gcc/x86_64-pc-linux-gnu/7.5.0/include]
  collapse include dir [/usr/local/include] ==> [/usr/local/include]
  collapse include dir [/opt/gcc-7.5.0/include] ==> [/opt/gcc-7.5.0/include]
  collapse include dir [/opt/gcc-7.5.0/lib/gcc/x86_64-pc-linux-gnu/7.5.0/include-fixed] ==> [/opt/gcc-7.5.0/lib/gcc/x86_64-pc-linux-gnu/7.5.0/include-fixed]
  collapse include dir [/usr/include] ==> [/usr/include]
  implicit include dirs: [/opt/gcc-7.5.0/lib/gcc/x86_64-pc-linux-gnu/7.5.0/include;/usr/local/include;/opt/gcc-7.5.0/include;/opt/gcc-7.5.0/lib/gcc/x86_64-pc-linux-gnu/7.5.0/include-fixed;/usr/include]


Parsed C implicit link information from above output:
  link line regex: [^( *|.*[/\])(ld|CMAKE_LINK_STARTFILE-NOTFOUND|([^/\]+-)?ld|collect2)[^/\]*( |$)]
  ignore line: [Change Dir: /home/SRL/SRL_cFS/build/CMakeFiles/CMakeTmp]
  ignore line: []
  ignore line: [Run Build Command(s):/usr/bin/gmake cmTC_4907e/fast && gmake[1]: Entering directory '/home/SRL/SRL_cFS/build/CMakeFiles/CMakeTmp']
  ignore line: [/usr/bin/gmake  -f CMakeFiles/cmTC_4907e.dir/build.make CMakeFiles/cmTC_4907e.dir/build]
  ignore line: [gmake[2]: Entering directory '/home/SRL/SRL_cFS/build/CMakeFiles/CMakeTmp']
  ignore line: [Building C object CMakeFiles/cmTC_4907e.dir/CMakeCCompilerABI.c.o]
  ignore line: [/opt/gcc-7.5.0/bin/gcc   -v -o CMakeFiles/cmTC_4907e.dir/CMakeCCompilerABI.c.o -c /usr/local/share/cmake-3.18/Modules/CMakeCCompilerABI.c]
  ignore line: [Using built-in specs.]
  ignore line: [COLLECT_GCC=/opt/gcc-7.5.0/bin/gcc]
  ignore line: [Target: x86_64-pc-linux-gnu]
  ignore line: [Configured with: ../configure --prefix=/opt/gcc-7.5.0 --enable-shared --enable-threads=posix --enable-__cxa_atexit --enable-clocale=gnu --enable-languages=all]
  ignore line: [Thread model: posix]
  ignore line: [gcc version 7.5.0 (GCC) ]
  ignore line: [COLLECT_GCC_OPTIONS='-v' '-o' 'CMakeFiles/cmTC_4907e.dir/CMakeCCompilerABI.c.o' '-c' '-mtune=generic' '-march=x86-64']
  ignore line: [ /opt/gcc-7.5.0/libexec/gcc/x86_64-pc-linux-gnu/7.5.0/cc1 -quiet -v /usr/local/share/cmake-3.18/Modules/CMakeCCompilerABI.c -quiet -dumpbase CMakeCCompilerABI.c -mtune=generic -march=x86-64 -auxbase-strip CMakeFiles/cmTC_4907e.dir/CMakeCCompilerABI.c.o -version -o /tmp/ccjgSUql.s]
  ignore line: [GNU C11 (GCC) version 7.5.0 (x86_64-pc-linux-gnu)]
  ignore line: [	compiled by GNU C version 7.5.0  GMP version 6.1.0  MPFR version 3.1.4  MPC version 1.0.3  isl version isl-0.16.1-GMP]
  ignore line: []
  ignore line: [GGC heuristics: --param ggc-min-expand=100 --param ggc-min-heapsize=131072]
  ignore line: [ignoring nonexistent directory "/opt/gcc-7.5.0/lib/gcc/x86_64-pc-linux-gnu/7.5.0/../../../../x86_64-pc-linux-gnu/include"]
  ignore line: [#include "..." search starts here:]
  ignore line: [#include <...> search starts here:]
  ignore line: [ /opt/gcc-7.5.0/lib/gcc/x86_64-pc-linux-gnu/7.5.0/include]
  ignore line: [ /usr/local/include]
  ignore line: [ /opt/gcc-7.5.0/include]
  ignore line: [ /opt/gcc-7.5.0/lib/gcc/x86_64-pc-linux-gnu/7.5.0/include-fixed]
  ignore line: [ /usr/include]
  ignore line: [End of search list.]
  ignore line: [GNU C11 (GCC) version 7.5.0 (x86_64-pc-linux-gnu)]
  ignore line: [	compiled by GNU C version 7.5.0  GMP version 6.1.0  MPFR version 3.1.4  MPC version 1.0.3  isl version isl-0.16.1-GMP]
  ignore line: []
  ignore line: [GGC heuristics: --param ggc-min-expand=100 --param ggc-min-heapsize=131072]
  ignore line: [Compiler executable checksum: ffa8885495eee4e3954caeda03a4a1a5]
  ignore line: [COLLECT_GCC_OPTIONS='-v' '-o' 'CMakeFiles/cmTC_4907e.dir/CMakeCCompilerABI.c.o' '-c' '-mtune=generic' '-march=x86-64']
  ignore line: [ as -v --64 -o CMakeFiles/cmTC_4907e.dir/CMakeCCompilerABI.c.o /tmp/ccjgSUql.s]
  ignore line: [GNU assembler version 2.30 (x86_64-redhat-linux) using BFD version version 2.30-73.el8]
  ignore line: [COMPILER_PATH=/opt/gcc-7.5.0/libexec/gcc/x86_64-pc-linux-gnu/7.5.0/:/opt/gcc-7.5.0/libexec/gcc/x86_64-pc-linux-gnu/7.5.0/:/opt/gcc-7.5.0/libexec/gcc/x86_64-pc-linux-gnu/:/opt/gcc-7.5.0/lib/gcc/x86_64-pc-linux-gnu/7.5.0/:/opt/gcc-7.5.0/lib/gcc/x86_64-pc-linux-gnu/]
  ignore line: [LIBRARY_PATH=/opt/gcc-7.5.0/lib/gcc/x86_64-pc-linux-gnu/7.5.0/:/opt/gcc-7.5.0/lib/gcc/x86_64-pc-linux-gnu/7.5.0/../../../../lib64/:/lib/../lib64/:/usr/lib/../lib64/:/opt/gcc-7.5.0/lib/gcc/x86_64-pc-linux-gnu/7.5.0/../../../:/lib/:/usr/lib/]
  ignore line: [COLLECT_GCC_OPTIONS='-v' '-o' 'CMakeFiles/cmTC_4907e.dir/CMakeCCompilerABI.c.o' '-c' '-mtune=generic' '-march=x86-64']
  ignore line: [Linking C executable cmTC_4907e]
  ignore line: [/usr/local/bin/cmake -E cmake_link_script CMakeFiles/cmTC_4907e.dir/link.txt --verbose=1]
  ignore line: [/opt/gcc-7.5.0/bin/gcc  -v -rdynamic CMakeFiles/cmTC_4907e.dir/CMakeCCompilerABI.c.o -o cmTC_4907e ]
  ignore line: [Using built-in specs.]
  ignore line: [COLLECT_GCC=/opt/gcc-7.5.0/bin/gcc]
  ignore line: [COLLECT_LTO_WRAPPER=/opt/gcc-7.5.0/libexec/gcc/x86_64-pc-linux-gnu/7.5.0/lto-wrapper]
  ignore line: [Target: x86_64-pc-linux-gnu]
  ignore line: [Configured with: ../configure --prefix=/opt/gcc-7.5.0 --enable-shared --enable-threads=posix --enable-__cxa_atexit --enable-clocale=gnu --enable-languages=all]
  ignore line: [Thread model: posix]
  ignore line: [gcc version 7.5.0 (GCC) ]
  ignore line: [COMPILER_PATH=/opt/gcc-7.5.0/libexec/gcc/x86_64-pc-linux-gnu/7.5.0/:/opt/gcc-7.5.0/libexec/gcc/x86_64-pc-linux-gnu/7.5.0/:/opt/gcc-7.5.0/libexec/gcc/x86_64-pc-linux-gnu/:/opt/gcc-7.5.0/lib/gcc/x86_64-pc-linux-gnu/7.5.0/:/opt/gcc-7.5.0/lib/gcc/x86_64-pc-linux-gnu/]
  ignore line: [LIBRARY_PATH=/opt/gcc-7.5.0/lib/gcc/x86_64-pc-linux-gnu/7.5.0/:/opt/gcc-7.5.0/lib/gcc/x86_64-pc-linux-gnu/7.5.0/../../../../lib64/:/lib/../lib64/:/usr/lib/../lib64/:/opt/gcc-7.5.0/lib/gcc/x86_64-pc-linux-gnu/7.5.0/../../../:/lib/:/usr/lib/]
  ignore line: [COLLECT_GCC_OPTIONS='-v' '-rdynamic' '-o' 'cmTC_4907e' '-mtune=generic' '-march=x86-64']
  link line: [ /opt/gcc-7.5.0/libexec/gcc/x86_64-pc-linux-gnu/7.5.0/collect2 -plugin /opt/gcc-7.5.0/libexec/gcc/x86_64-pc-linux-gnu/7.5.0/liblto_plugin.so -plugin-opt=/opt/gcc-7.5.0/libexec/gcc/x86_64-pc-linux-gnu/7.5.0/lto-wrapper -plugin-opt=-fresolution=/tmp/cc5YraEk.res -plugin-opt=-pass-through=-lgcc -plugin-opt=-pass-through=-lgcc_s -plugin-opt=-pass-through=-lc -plugin-opt=-pass-through=-lgcc -plugin-opt=-pass-through=-lgcc_s --eh-frame-hdr -m elf_x86_64 -export-dynamic -dynamic-linker /lib64/ld-linux-x86-64.so.2 -o cmTC_4907e /lib/../lib64/crt1.o /lib/../lib64/crti.o /opt/gcc-7.5.0/lib/gcc/x86_64-pc-linux-gnu/7.5.0/crtbegin.o -L/opt/gcc-7.5.0/lib/gcc/x86_64-pc-linux-gnu/7.5.0 -L/opt/gcc-7.5.0/lib/gcc/x86_64-pc-linux-gnu/7.5.0/../../../../lib64 -L/lib/../lib64 -L/usr/lib/../lib64 -L/opt/gcc-7.5.0/lib/gcc/x86_64-pc-linux-gnu/7.5.0/../../.. CMakeFiles/cmTC_4907e.dir/CMakeCCompilerABI.c.o -lgcc --as-needed -lgcc_s --no-as-needed -lc -lgcc --as-needed -lgcc_s --no-as-needed /opt/gcc-7.5.0/lib/gcc/x86_64-pc-linux-gnu/7.5.0/crtend.o /lib/../lib64/crtn.o]
    arg [/opt/gcc-7.5.0/libexec/gcc/x86_64-pc-linux-gnu/7.5.0/collect2] ==> ignore
    arg [-plugin] ==> ignore
    arg [/opt/gcc-7.5.0/libexec/gcc/x86_64-pc-linux-gnu/7.5.0/liblto_plugin.so] ==> ignore
    arg [-plugin-opt=/opt/gcc-7.5.0/libexec/gcc/x86_64-pc-linux-gnu/7.5.0/lto-wrapper] ==> ignore
    arg [-plugin-opt=-fresolution=/tmp/cc5YraEk.res] ==> ignore
    arg [-plugin-opt=-pass-through=-lgcc] ==> ignore
    arg [-plugin-opt=-pass-through=-lgcc_s] ==> ignore
    arg [-plugin-opt=-pass-through=-lc] ==> ignore
    arg [-plugin-opt=-pass-through=-lgcc] ==> ignore
    arg [-plugin-opt=-pass-through=-lgcc_s] ==> ignore
    arg [--eh-frame-hdr] ==> ignore
    arg [-m] ==> ignore
    arg [elf_x86_64] ==> ignore
    arg [-export-dynamic] ==> ignore
    arg [-dynamic-linker] ==> ignore
    arg [/lib64/ld-linux-x86-64.so.2] ==> ignore
    arg [-o] ==> ignore
    arg [cmTC_4907e] ==> ignore
    arg [/lib/../lib64/crt1.o] ==> ignore
    arg [/lib/../lib64/crti.o] ==> ignore
    arg [/opt/gcc-7.5.0/lib/gcc/x86_64-pc-linux-gnu/7.5.0/crtbegin.o] ==> ignore
    arg [-L/opt/gcc-7.5.0/lib/gcc/x86_64-pc-linux-gnu/7.5.0] ==> dir [/opt/gcc-7.5.0/lib/gcc/x86_64-pc-linux-gnu/7.5.0]
    arg [-L/opt/gcc-7.5.0/lib/gcc/x86_64-pc-linux-gnu/7.5.0/../../../../lib64] ==> dir [/opt/gcc-7.5.0/lib/gcc/x86_64-pc-linux-gnu/7.5.0/../../../../lib64]
    arg [-L/lib/../lib64] ==> dir [/lib/../lib64]
    arg [-L/usr/lib/../lib64] ==> dir [/usr/lib/../lib64]
    arg [-L/opt/gcc-7.5.0/lib/gcc/x86_64-pc-linux-gnu/7.5.0/../../..] ==> dir [/opt/gcc-7.5.0/lib/gcc/x86_64-pc-linux-gnu/7.5.0/../../..]
    arg [CMakeFiles/cmTC_4907e.dir/CMakeCCompilerABI.c.o] ==> ignore
    arg [-lgcc] ==> lib [gcc]
    arg [--as-needed] ==> ignore
    arg [-lgcc_s] ==> lib [gcc_s]
    arg [--no-as-needed] ==> ignore
    arg [-lc] ==> lib [c]
    arg [-lgcc] ==> lib [gcc]
    arg [--as-needed] ==> ignore
    arg [-lgcc_s] ==> lib [gcc_s]
    arg [--no-as-needed] ==> ignore
    arg [/opt/gcc-7.5.0/lib/gcc/x86_64-pc-linux-gnu/7.5.0/crtend.o] ==> ignore
    arg [/lib/../lib64/crtn.o] ==> ignore
  collapse library dir [/opt/gcc-7.5.0/lib/gcc/x86_64-pc-linux-gnu/7.5.0] ==> [/opt/gcc-7.5.0/lib/gcc/x86_64-pc-linux-gnu/7.5.0]
  collapse library dir [/opt/gcc-7.5.0/lib/gcc/x86_64-pc-linux-gnu/7.5.0/../../../../lib64] ==> [/opt/gcc-7.5.0/lib64]
  collapse library dir [/lib/../lib64] ==> [/lib64]
  collapse library dir [/usr/lib/../lib64] ==> [/usr/lib64]
  collapse library dir [/opt/gcc-7.5.0/lib/gcc/x86_64-pc-linux-gnu/7.5.0/../../..] ==> [/opt/gcc-7.5.0/lib]
  implicit libs: [gcc;gcc_s;c;gcc;gcc_s]
  implicit dirs: [/opt/gcc-7.5.0/lib/gcc/x86_64-pc-linux-gnu/7.5.0;/opt/gcc-7.5.0/lib64;/lib64;/usr/lib64;/opt/gcc-7.5.0/lib]
  implicit fwks: []


